%!Adobe-FontList 1.11
%Locale:0x409

%BeginFont
Handler:DirectoryHandler
FontType:Invalid
OutlineFileName:C:\xampp\htdocs\inventori\kasir\Fpdf\Font\courier.php
FileModTime:1556698778
%EndFont

%BeginFont
Handler:DirectoryHandler
FontType:Invalid
OutlineFileName:C:\xampp\htdocs\inventori\kasir\Fpdf\Font\courierb.php
FileModTime:1556698778
%EndFont

%BeginFont
Handler:DirectoryHandler
FontType:Invalid
OutlineFileName:C:\xampp\htdocs\inventori\kasir\Fpdf\Font\courierbi.php
FileModTime:1556698778
%EndFont

%BeginFont
Handler:DirectoryHandler
FontType:Invalid
OutlineFileName:C:\xampp\htdocs\inventori\kasir\Fpdf\Font\courieri.php
FileModTime:1556698778
%EndFont

%BeginFont
Handler:DirectoryHandler
FontType:Invalid
OutlineFileName:C:\xampp\htdocs\inventori\kasir\Fpdf\Font\helvetica.php
FileModTime:1556698778
%EndFont

%BeginFont
Handler:DirectoryHandler
FontType:Invalid
OutlineFileName:C:\xampp\htdocs\inventori\kasir\Fpdf\Font\helveticab.php
FileModTime:1556698778
%EndFont

%BeginFont
Handler:DirectoryHandler
FontType:Invalid
OutlineFileName:C:\xampp\htdocs\inventori\kasir\Fpdf\Font\helveticabi.php
FileModTime:1556698778
%EndFont

%BeginFont
Handler:DirectoryHandler
FontType:Invalid
OutlineFileName:C:\xampp\htdocs\inventori\kasir\Fpdf\Font\helveticai.php
FileModTime:1556698778
%EndFont

%BeginFont
Handler:DirectoryHandler
FontType:Invalid
OutlineFileName:C:\xampp\htdocs\inventori\kasir\Fpdf\Font\symbol.php
FileModTime:1556698778
%EndFont

%BeginFont
Handler:DirectoryHandler
FontType:Invalid
OutlineFileName:C:\xampp\htdocs\inventori\kasir\Fpdf\Font\times.php
FileModTime:1556698778
%EndFont

%BeginFont
Handler:DirectoryHandler
FontType:Invalid
OutlineFileName:C:\xampp\htdocs\inventori\kasir\Fpdf\Font\timesb.php
FileModTime:1556698778
%EndFont

%BeginFont
Handler:DirectoryHandler
FontType:Invalid
OutlineFileName:C:\xampp\htdocs\inventori\kasir\Fpdf\Font\timesbi.php
FileModTime:1556698778
%EndFont

%BeginFont
Handler:DirectoryHandler
FontType:Invalid
OutlineFileName:C:\xampp\htdocs\inventori\kasir\Fpdf\Font\timesi.php
FileModTime:1556698778
%EndFont

%BeginFont
Handler:DirectoryHandler
FontType:Invalid
OutlineFileName:C:\xampp\htdocs\inventori\kasir\Fpdf\Font\zapfdingbats.php
FileModTime:1556698778
%EndFont

